<?xml version="1.0" encoding="UTF-8"?>
<testng-results ignored="0" total="0" passed="0" failed="0" skipped="0">
  <reporter-output>
  </reporter-output>
  <suite started-at="2023-12-26T12:09:02 CST" name="TestSuite" finished-at="2023-12-26T12:09:02 CST" duration-ms="8">
    <groups>
    </groups>
    <test started-at="2023-12-26T12:09:02 CST" name="CucumberTest" finished-at="2023-12-26T12:09:02 CST" duration-ms="8">
    </test> <!-- CucumberTest -->
  </suite> <!-- TestSuite -->
</testng-results>
